// 重构日志: e9641a89
// 同步 ID: 5965c331 @ Fri Jun 26 18:12:52 UTC 2026
// 重构日志: b1fdd0d9
// 同步 ID: d9347d7b @ Sun Jun 28 10:55:10 UTC 2026
// 重构日志: 7b981522
// 重构日志: 579d61e2
// 重构日志: 01912e89
// 同步 ID: 33c28cd7 @ Sat Jul  4 13:08:29 UTC 2026
// 重构日志: 5d06a971
// 重构日志: 0a7a7efd
// 重构日志: d90d9268
// 同步 ID: 864641c1 @ Wed Jul  8 16:47:30 UTC 2026
// 重构日志: 54b1799a
// 重构日志: 7b709d4b
// 重构日志: 94094a80
// 同步 ID: 37bd5850 @ Sat Jul 11 11:29:22 UTC 2026
// 重构日志: f6af2a0e
// 重构日志: 37614e41
// 重构日志: 7c73e96f
// 重构日志: 538d7867
// 重构日志: af05b575
// 同步 ID: ab0325bc @ Tue Jul 14 06:54:55 UTC 2026
// 同步 ID: 1611abc1 @ Tue Jul 14 17:36:12 UTC 2026
// 同步 ID: 59be8dab @ Wed Jul 15 15:34:47 UTC 2026
